{"/Users/davy.braun/Code/Libraries/struqt/doubly-linked-list.js":{"path":"/Users/davy.braun/Code/Libraries/struqt/doubly-linked-list.js","s":{"1":1,"2":15,"3":1,"4":62,"5":62,"6":62,"7":62,"8":16,"9":16,"10":16,"11":16,"12":46,"13":63,"14":63,"15":46,"16":46,"17":46,"18":46,"19":46,"20":1,"21":12,"22":12,"23":12,"24":12,"25":53,"26":12,"27":1,"28":78,"29":78,"30":78,"31":1,"32":77,"33":132,"34":132,"35":77,"36":1,"37":7,"38":7,"39":7,"40":7,"41":7,"42":7,"43":7,"44":1,"45":6,"46":2,"47":2,"48":2,"49":2,"50":2,"51":2,"52":4,"53":10,"54":10,"55":10,"56":10,"57":10,"58":3,"59":10,"60":4,"61":4,"62":1,"63":4,"64":4,"65":4,"66":4,"67":1,"68":1,"69":1,"70":1,"71":1,"72":1,"73":0,"74":0,"75":1,"76":1,"77":1,"78":1,"79":1,"80":4,"81":2,"82":4,"83":4,"84":1,"85":1,"86":3,"87":3,"88":3,"89":3,"90":3,"91":1,"92":2,"93":1,"94":1,"95":1,"96":1,"97":1,"98":3,"99":3,"100":3,"101":1,"102":1,"103":1,"104":1,"105":1,"106":2,"107":2,"108":2,"109":2,"110":2,"111":2,"112":2,"113":1,"114":1,"115":0,"116":0,"117":0,"118":0,"119":0,"120":1,"121":1,"122":1,"123":1,"124":1,"125":3,"126":3,"127":1,"128":1,"129":1,"130":3,"131":3,"132":3,"133":7,"134":2,"135":5,"136":5,"137":1,"138":1,"139":1,"140":1,"141":1,"142":1,"143":3,"144":1,"145":1,"146":1,"147":1,"148":1,"149":1,"150":1,"151":5,"152":5,"153":5,"154":1,"155":1,"156":16,"157":16,"158":16,"159":1},"b":{"1":[16,46],"2":[16,16],"3":[1,77],"4":[78,78,78],"5":[1,6],"6":[7,7,7],"7":[2,4],"8":[3,7],"9":[1,3],"10":[1,0],"11":[2,2],"12":[1,2],"13":[3,3,3],"14":[1,1],"15":[1,1],"16":[2,2,2],"17":[0,1],"18":[1,2],"19":[2,5]},"f":{"1":15,"2":62,"3":12,"4":78,"5":7,"6":1,"7":1,"8":3,"9":2,"10":3,"11":1,"12":1,"13":3,"14":1,"15":1,"16":16},"fnMap":{"1":{"name":"DoublyLinkedList","line":9,"loc":{"start":{"line":9,"column":0},"end":{"line":9,"column":29}}},"2":{"name":"(anonymous_2)","line":19,"loc":{"start":{"line":19,"column":33},"end":{"line":19,"column":49}}},"3":{"name":"(anonymous_3)","line":51,"loc":{"start":{"line":51,"column":36},"end":{"line":51,"column":56}}},"4":{"name":"(anonymous_4)","line":70,"loc":{"start":{"line":70,"column":33},"end":{"line":70,"column":50}}},"5":{"name":"(anonymous_5)","line":92,"loc":{"start":{"line":92,"column":36},"end":{"line":92,"column":53}}},"6":{"name":"(anonymous_6)","line":149,"loc":{"start":{"line":149,"column":51},"end":{"line":149,"column":70}}},"7":{"name":"(anonymous_7)","line":169,"loc":{"start":{"line":169,"column":50},"end":{"line":169,"column":69}}},"8":{"name":"(anonymous_8)","line":192,"loc":{"start":{"line":192,"column":40},"end":{"line":192,"column":66}}},"9":{"name":"(anonymous_9)","line":232,"loc":{"start":{"line":232,"column":43},"end":{"line":232,"column":70}}},"10":{"name":"(anonymous_10)","line":277,"loc":{"start":{"line":277,"column":38},"end":{"line":277,"column":57}}},"11":{"name":"(anonymous_11)","line":297,"loc":{"start":{"line":297,"column":35},"end":{"line":297,"column":47}}},"12":{"name":"(anonymous_12)","line":306,"loc":{"start":{"line":306,"column":33},"end":{"line":306,"column":45}}},"13":{"name":"(anonymous_13)","line":317,"loc":{"start":{"line":317,"column":33},"end":{"line":317,"column":59}}},"14":{"name":"(anonymous_14)","line":326,"loc":{"start":{"line":326,"column":35},"end":{"line":326,"column":47}}},"15":{"name":"(anonymous_15)","line":336,"loc":{"start":{"line":336,"column":37},"end":{"line":336,"column":49}}},"16":{"name":"(anonymous_16)","line":355,"loc":{"start":{"line":355,"column":35},"end":{"line":355,"column":47}}}},"statementMap":{"1":{"start":{"line":9,"column":0},"end":{"line":11,"column":1}},"2":{"start":{"line":10,"column":2},"end":{"line":10,"column":14}},"3":{"start":{"line":19,"column":0},"end":{"line":42,"column":2}},"4":{"start":{"line":20,"column":2},"end":{"line":20,"column":50}},"5":{"start":{"line":21,"column":2},"end":{"line":21,"column":30}},"6":{"start":{"line":22,"column":2},"end":{"line":22,"column":22}},"7":{"start":{"line":25,"column":2},"end":{"line":30,"column":3}},"8":{"start":{"line":26,"column":4},"end":{"line":26,"column":21}},"9":{"start":{"line":27,"column":4},"end":{"line":27,"column":35}},"10":{"start":{"line":28,"column":4},"end":{"line":28,"column":16}},"11":{"start":{"line":29,"column":4},"end":{"line":29,"column":16}},"12":{"start":{"line":33,"column":2},"end":{"line":36,"column":3}},"13":{"start":{"line":34,"column":4},"end":{"line":34,"column":27}},"14":{"start":{"line":35,"column":4},"end":{"line":35,"column":35}},"15":{"start":{"line":37,"column":2},"end":{"line":37,"column":30}},"16":{"start":{"line":38,"column":2},"end":{"line":38,"column":26}},"17":{"start":{"line":39,"column":2},"end":{"line":39,"column":19}},"18":{"start":{"line":40,"column":2},"end":{"line":40,"column":14}},"19":{"start":{"line":41,"column":2},"end":{"line":41,"column":14}},"20":{"start":{"line":51,"column":0},"end":{"line":61,"column":2}},"21":{"start":{"line":52,"column":2},"end":{"line":52,"column":12}},"22":{"start":{"line":53,"column":2},"end":{"line":53,"column":26}},"23":{"start":{"line":54,"column":2},"end":{"line":54,"column":22}},"24":{"start":{"line":56,"column":2},"end":{"line":58,"column":3}},"25":{"start":{"line":57,"column":4},"end":{"line":57,"column":37}},"26":{"start":{"line":60,"column":2},"end":{"line":60,"column":18}},"27":{"start":{"line":70,"column":0},"end":{"line":84,"column":2}},"28":{"start":{"line":71,"column":2},"end":{"line":71,"column":17}},"29":{"start":{"line":72,"column":2},"end":{"line":72,"column":30}},"30":{"start":{"line":74,"column":2},"end":{"line":76,"column":3}},"31":{"start":{"line":75,"column":4},"end":{"line":75,"column":51}},"32":{"start":{"line":78,"column":2},"end":{"line":81,"column":3}},"33":{"start":{"line":79,"column":4},"end":{"line":79,"column":35}},"34":{"start":{"line":80,"column":4},"end":{"line":80,"column":13}},"35":{"start":{"line":83,"column":2},"end":{"line":83,"column":21}},"36":{"start":{"line":92,"column":0},"end":{"line":140,"column":2}},"37":{"start":{"line":93,"column":2},"end":{"line":93,"column":16}},"38":{"start":{"line":94,"column":2},"end":{"line":94,"column":30}},"39":{"start":{"line":95,"column":2},"end":{"line":95,"column":32}},"40":{"start":{"line":96,"column":2},"end":{"line":96,"column":31}},"41":{"start":{"line":97,"column":2},"end":{"line":97,"column":26}},"42":{"start":{"line":98,"column":2},"end":{"line":98,"column":25}},"43":{"start":{"line":101,"column":2},"end":{"line":103,"column":3}},"44":{"start":{"line":102,"column":4},"end":{"line":102,"column":51}},"45":{"start":{"line":106,"column":2},"end":{"line":114,"column":3}},"46":{"start":{"line":107,"column":4},"end":{"line":107,"column":33}},"47":{"start":{"line":108,"column":4},"end":{"line":108,"column":26}},"48":{"start":{"line":109,"column":4},"end":{"line":109,"column":30}},"49":{"start":{"line":110,"column":4},"end":{"line":110,"column":23}},"50":{"start":{"line":111,"column":4},"end":{"line":111,"column":16}},"51":{"start":{"line":113,"column":4},"end":{"line":113,"column":23}},"52":{"start":{"line":117,"column":2},"end":{"line":129,"column":3}},"53":{"start":{"line":118,"column":4},"end":{"line":118,"column":37}},"54":{"start":{"line":119,"column":4},"end":{"line":119,"column":35}},"55":{"start":{"line":120,"column":4},"end":{"line":120,"column":31}},"56":{"start":{"line":121,"column":4},"end":{"line":121,"column":41}},"57":{"start":{"line":124,"column":4},"end":{"line":126,"column":5}},"58":{"start":{"line":125,"column":6},"end":{"line":125,"column":37}},"59":{"start":{"line":128,"column":4},"end":{"line":128,"column":12}},"60":{"start":{"line":131,"column":2},"end":{"line":131,"column":46}},"61":{"start":{"line":132,"column":2},"end":{"line":134,"column":3}},"62":{"start":{"line":133,"column":4},"end":{"line":133,"column":48}},"63":{"start":{"line":135,"column":2},"end":{"line":135,"column":29}},"64":{"start":{"line":136,"column":2},"end":{"line":136,"column":22}},"65":{"start":{"line":137,"column":2},"end":{"line":137,"column":14}},"66":{"start":{"line":139,"column":2},"end":{"line":139,"column":21}},"67":{"start":{"line":149,"column":0},"end":{"line":160,"column":2}},"68":{"start":{"line":150,"column":2},"end":{"line":150,"column":16}},"69":{"start":{"line":151,"column":2},"end":{"line":151,"column":30}},"70":{"start":{"line":153,"column":2},"end":{"line":159,"column":3}},"71":{"start":{"line":154,"column":4},"end":{"line":156,"column":5}},"72":{"start":{"line":155,"column":6},"end":{"line":155,"column":32}},"73":{"start":{"line":157,"column":4},"end":{"line":157,"column":35}},"74":{"start":{"line":158,"column":4},"end":{"line":158,"column":12}},"75":{"start":{"line":169,"column":0},"end":{"line":183,"column":2}},"76":{"start":{"line":170,"column":2},"end":{"line":170,"column":16}},"77":{"start":{"line":171,"column":2},"end":{"line":171,"column":30}},"78":{"start":{"line":172,"column":2},"end":{"line":172,"column":23}},"79":{"start":{"line":174,"column":2},"end":{"line":180,"column":3}},"80":{"start":{"line":175,"column":4},"end":{"line":177,"column":5}},"81":{"start":{"line":176,"column":6},"end":{"line":176,"column":26}},"82":{"start":{"line":178,"column":4},"end":{"line":178,"column":35}},"83":{"start":{"line":179,"column":4},"end":{"line":179,"column":12}},"84":{"start":{"line":182,"column":2},"end":{"line":182,"column":35}},"85":{"start":{"line":192,"column":0},"end":{"line":222,"column":2}},"86":{"start":{"line":193,"column":2},"end":{"line":193,"column":16}},"87":{"start":{"line":194,"column":2},"end":{"line":194,"column":30}},"88":{"start":{"line":195,"column":2},"end":{"line":195,"column":31}},"89":{"start":{"line":196,"column":2},"end":{"line":196,"column":25}},"90":{"start":{"line":199,"column":2},"end":{"line":201,"column":3}},"91":{"start":{"line":200,"column":4},"end":{"line":200,"column":51}},"92":{"start":{"line":204,"column":2},"end":{"line":209,"column":3}},"93":{"start":{"line":205,"column":4},"end":{"line":205,"column":21}},"94":{"start":{"line":206,"column":4},"end":{"line":206,"column":36}},"95":{"start":{"line":207,"column":4},"end":{"line":207,"column":35}},"96":{"start":{"line":208,"column":4},"end":{"line":208,"column":11}},"97":{"start":{"line":212,"column":2},"end":{"line":216,"column":3}},"98":{"start":{"line":213,"column":4},"end":{"line":213,"column":36}},"99":{"start":{"line":214,"column":4},"end":{"line":214,"column":35}},"100":{"start":{"line":215,"column":4},"end":{"line":215,"column":12}},"101":{"start":{"line":218,"column":2},"end":{"line":218,"column":34}},"102":{"start":{"line":219,"column":2},"end":{"line":219,"column":39}},"103":{"start":{"line":220,"column":2},"end":{"line":220,"column":39}},"104":{"start":{"line":221,"column":2},"end":{"line":221,"column":33}},"105":{"start":{"line":232,"column":0},"end":{"line":269,"column":2}},"106":{"start":{"line":233,"column":2},"end":{"line":233,"column":16}},"107":{"start":{"line":234,"column":2},"end":{"line":234,"column":30}},"108":{"start":{"line":235,"column":2},"end":{"line":235,"column":31}},"109":{"start":{"line":236,"column":2},"end":{"line":236,"column":25}},"110":{"start":{"line":237,"column":2},"end":{"line":237,"column":12}},"111":{"start":{"line":238,"column":2},"end":{"line":238,"column":28}},"112":{"start":{"line":241,"column":2},"end":{"line":243,"column":3}},"113":{"start":{"line":242,"column":4},"end":{"line":242,"column":51}},"114":{"start":{"line":246,"column":2},"end":{"line":253,"column":3}},"115":{"start":{"line":247,"column":4},"end":{"line":247,"column":21}},"116":{"start":{"line":248,"column":4},"end":{"line":250,"column":5}},"117":{"start":{"line":249,"column":6},"end":{"line":249,"column":42}},"118":{"start":{"line":251,"column":4},"end":{"line":251,"column":35}},"119":{"start":{"line":252,"column":4},"end":{"line":252,"column":11}},"120":{"start":{"line":256,"column":2},"end":{"line":260,"column":3}},"121":{"start":{"line":257,"column":4},"end":{"line":257,"column":36}},"122":{"start":{"line":258,"column":4},"end":{"line":258,"column":35}},"123":{"start":{"line":259,"column":4},"end":{"line":259,"column":12}},"124":{"start":{"line":262,"column":2},"end":{"line":267,"column":3}},"125":{"start":{"line":263,"column":4},"end":{"line":263,"column":40}},"126":{"start":{"line":264,"column":4},"end":{"line":266,"column":5}},"127":{"start":{"line":265,"column":6},"end":{"line":265,"column":43}},"128":{"start":{"line":268,"column":2},"end":{"line":268,"column":33}},"129":{"start":{"line":277,"column":0},"end":{"line":290,"column":2}},"130":{"start":{"line":278,"column":2},"end":{"line":278,"column":16}},"131":{"start":{"line":279,"column":2},"end":{"line":279,"column":30}},"132":{"start":{"line":281,"column":2},"end":{"line":287,"column":3}},"133":{"start":{"line":282,"column":4},"end":{"line":284,"column":5}},"134":{"start":{"line":283,"column":6},"end":{"line":283,"column":18}},"135":{"start":{"line":285,"column":4},"end":{"line":285,"column":35}},"136":{"start":{"line":286,"column":4},"end":{"line":286,"column":12}},"137":{"start":{"line":289,"column":2},"end":{"line":289,"column":15}},"138":{"start":{"line":297,"column":0},"end":{"line":299,"column":2}},"139":{"start":{"line":298,"column":2},"end":{"line":298,"column":24}},"140":{"start":{"line":306,"column":0},"end":{"line":308,"column":2}},"141":{"start":{"line":307,"column":2},"end":{"line":307,"column":32}},"142":{"start":{"line":317,"column":0},"end":{"line":319,"column":2}},"143":{"start":{"line":318,"column":2},"end":{"line":318,"column":33}},"144":{"start":{"line":326,"column":0},"end":{"line":328,"column":2}},"145":{"start":{"line":327,"column":2},"end":{"line":327,"column":33}},"146":{"start":{"line":336,"column":0},"end":{"line":348,"column":2}},"147":{"start":{"line":337,"column":2},"end":{"line":337,"column":29}},"148":{"start":{"line":338,"column":2},"end":{"line":338,"column":16}},"149":{"start":{"line":339,"column":2},"end":{"line":339,"column":15}},"150":{"start":{"line":341,"column":2},"end":{"line":345,"column":3}},"151":{"start":{"line":342,"column":4},"end":{"line":342,"column":31}},"152":{"start":{"line":343,"column":4},"end":{"line":343,"column":35}},"153":{"start":{"line":344,"column":4},"end":{"line":344,"column":12}},"154":{"start":{"line":347,"column":2},"end":{"line":347,"column":13}},"155":{"start":{"line":355,"column":0},"end":{"line":359,"column":2}},"156":{"start":{"line":356,"column":2},"end":{"line":356,"column":19}},"157":{"start":{"line":357,"column":2},"end":{"line":357,"column":19}},"158":{"start":{"line":358,"column":2},"end":{"line":358,"column":16}},"159":{"start":{"line":361,"column":0},"end":{"line":361,"column":34}}},"branchMap":{"1":{"line":25,"type":"if","locations":[{"start":{"line":25,"column":2},"end":{"line":25,"column":2}},{"start":{"line":25,"column":2},"end":{"line":25,"column":2}}]},"2":{"line":27,"type":"binary-expr","locations":[{"start":{"line":27,"column":16},"end":{"line":27,"column":26}},{"start":{"line":27,"column":30},"end":{"line":27,"column":34}}]},"3":{"line":74,"type":"if","locations":[{"start":{"line":74,"column":2},"end":{"line":74,"column":2}},{"start":{"line":74,"column":2},"end":{"line":74,"column":2}}]},"4":{"line":74,"type":"binary-expr","locations":[{"start":{"line":74,"column":6},"end":{"line":74,"column":21}},{"start":{"line":74,"column":25},"end":{"line":74,"column":34}},{"start":{"line":74,"column":38},"end":{"line":74,"column":55}}]},"5":{"line":101,"type":"if","locations":[{"start":{"line":101,"column":2},"end":{"line":101,"column":2}},{"start":{"line":101,"column":2},"end":{"line":101,"column":2}}]},"6":{"line":101,"type":"binary-expr","locations":[{"start":{"line":101,"column":6},"end":{"line":101,"column":21}},{"start":{"line":101,"column":25},"end":{"line":101,"column":34}},{"start":{"line":101,"column":38},"end":{"line":101,"column":55}}]},"7":{"line":106,"type":"if","locations":[{"start":{"line":106,"column":2},"end":{"line":106,"column":2}},{"start":{"line":106,"column":2},"end":{"line":106,"column":2}}]},"8":{"line":124,"type":"if","locations":[{"start":{"line":124,"column":4},"end":{"line":124,"column":4}},{"start":{"line":124,"column":4},"end":{"line":124,"column":4}}]},"9":{"line":132,"type":"if","locations":[{"start":{"line":132,"column":2},"end":{"line":132,"column":2}},{"start":{"line":132,"column":2},"end":{"line":132,"column":2}}]},"10":{"line":154,"type":"if","locations":[{"start":{"line":154,"column":4},"end":{"line":154,"column":4}},{"start":{"line":154,"column":4},"end":{"line":154,"column":4}}]},"11":{"line":175,"type":"if","locations":[{"start":{"line":175,"column":4},"end":{"line":175,"column":4}},{"start":{"line":175,"column":4},"end":{"line":175,"column":4}}]},"12":{"line":199,"type":"if","locations":[{"start":{"line":199,"column":2},"end":{"line":199,"column":2}},{"start":{"line":199,"column":2},"end":{"line":199,"column":2}}]},"13":{"line":199,"type":"binary-expr","locations":[{"start":{"line":199,"column":6},"end":{"line":199,"column":21}},{"start":{"line":199,"column":25},"end":{"line":199,"column":34}},{"start":{"line":199,"column":38},"end":{"line":199,"column":55}}]},"14":{"line":204,"type":"if","locations":[{"start":{"line":204,"column":2},"end":{"line":204,"column":2}},{"start":{"line":204,"column":2},"end":{"line":204,"column":2}}]},"15":{"line":241,"type":"if","locations":[{"start":{"line":241,"column":2},"end":{"line":241,"column":2}},{"start":{"line":241,"column":2},"end":{"line":241,"column":2}}]},"16":{"line":241,"type":"binary-expr","locations":[{"start":{"line":241,"column":6},"end":{"line":241,"column":21}},{"start":{"line":241,"column":25},"end":{"line":241,"column":34}},{"start":{"line":241,"column":38},"end":{"line":241,"column":55}}]},"17":{"line":246,"type":"if","locations":[{"start":{"line":246,"column":2},"end":{"line":246,"column":2}},{"start":{"line":246,"column":2},"end":{"line":246,"column":2}}]},"18":{"line":264,"type":"if","locations":[{"start":{"line":264,"column":4},"end":{"line":264,"column":4}},{"start":{"line":264,"column":4},"end":{"line":264,"column":4}}]},"19":{"line":282,"type":"if","locations":[{"start":{"line":282,"column":4},"end":{"line":282,"column":4}},{"start":{"line":282,"column":4},"end":{"line":282,"column":4}}]}}},"/Users/davy.braun/Code/Libraries/struqt/singly-linked-list.js":{"path":"/Users/davy.braun/Code/Libraries/struqt/singly-linked-list.js","s":{"1":1,"2":15,"3":1,"4":62,"5":62,"6":62,"7":16,"8":16,"9":16,"10":16,"11":46,"12":63,"13":46,"14":46,"15":46,"16":46,"17":1,"18":12,"19":12,"20":12,"21":12,"22":53,"23":12,"24":1,"25":46,"26":46,"27":46,"28":1,"29":45,"30":92,"31":92,"32":45,"33":1,"34":7,"35":7,"36":7,"37":7,"38":7,"39":7,"40":1,"41":6,"42":2,"43":2,"44":2,"45":2,"46":2,"47":4,"48":10,"49":10,"50":10,"51":10,"52":3,"53":10,"54":4,"55":4,"56":4,"57":4,"58":4,"59":1,"60":1,"61":1,"62":1,"63":1,"64":1,"65":0,"66":0,"67":1,"68":1,"69":1,"70":1,"71":1,"72":4,"73":2,"74":4,"75":4,"76":1,"77":1,"78":3,"79":3,"80":3,"81":3,"82":3,"83":1,"84":2,"85":1,"86":1,"87":1,"88":1,"89":1,"90":3,"91":3,"92":3,"93":1,"94":1,"95":1,"96":1,"97":2,"98":2,"99":2,"100":2,"101":2,"102":2,"103":2,"104":1,"105":1,"106":0,"107":0,"108":0,"109":0,"110":0,"111":1,"112":1,"113":1,"114":1,"115":1,"116":3,"117":3,"118":1,"119":1,"120":1,"121":3,"122":3,"123":3,"124":7,"125":2,"126":5,"127":5,"128":1,"129":1,"130":1,"131":1,"132":1,"133":1,"134":3,"135":1,"136":1,"137":1,"138":1,"139":1,"140":1,"141":1,"142":5,"143":5,"144":5,"145":1,"146":1,"147":16,"148":16,"149":16,"150":1},"b":{"1":[16,46],"2":[16,15],"3":[1,45],"4":[46,46,46],"5":[1,6],"6":[7,7,7],"7":[2,4],"8":[3,7],"9":[1,0],"10":[2,2],"11":[1,2],"12":[3,3,3],"13":[1,1],"14":[1,1],"15":[2,2,2],"16":[0,1],"17":[1,2],"18":[2,5]},"f":{"1":15,"2":62,"3":12,"4":46,"5":7,"6":1,"7":1,"8":3,"9":2,"10":3,"11":1,"12":1,"13":3,"14":1,"15":1,"16":16},"fnMap":{"1":{"name":"SinglyLinkedList","line":9,"loc":{"start":{"line":9,"column":0},"end":{"line":9,"column":29}}},"2":{"name":"(anonymous_2)","line":19,"loc":{"start":{"line":19,"column":33},"end":{"line":19,"column":49}}},"3":{"name":"(anonymous_3)","line":48,"loc":{"start":{"line":48,"column":36},"end":{"line":48,"column":56}}},"4":{"name":"(anonymous_4)","line":67,"loc":{"start":{"line":67,"column":33},"end":{"line":67,"column":50}}},"5":{"name":"(anonymous_5)","line":89,"loc":{"start":{"line":89,"column":36},"end":{"line":89,"column":53}}},"6":{"name":"(anonymous_6)","line":140,"loc":{"start":{"line":140,"column":51},"end":{"line":140,"column":70}}},"7":{"name":"(anonymous_7)","line":160,"loc":{"start":{"line":160,"column":50},"end":{"line":160,"column":69}}},"8":{"name":"(anonymous_8)","line":183,"loc":{"start":{"line":183,"column":40},"end":{"line":183,"column":66}}},"9":{"name":"(anonymous_9)","line":222,"loc":{"start":{"line":222,"column":43},"end":{"line":222,"column":70}}},"10":{"name":"(anonymous_10)","line":267,"loc":{"start":{"line":267,"column":38},"end":{"line":267,"column":57}}},"11":{"name":"(anonymous_11)","line":287,"loc":{"start":{"line":287,"column":35},"end":{"line":287,"column":47}}},"12":{"name":"(anonymous_12)","line":296,"loc":{"start":{"line":296,"column":33},"end":{"line":296,"column":45}}},"13":{"name":"(anonymous_13)","line":307,"loc":{"start":{"line":307,"column":33},"end":{"line":307,"column":59}}},"14":{"name":"(anonymous_14)","line":316,"loc":{"start":{"line":316,"column":35},"end":{"line":316,"column":47}}},"15":{"name":"(anonymous_15)","line":326,"loc":{"start":{"line":326,"column":37},"end":{"line":326,"column":49}}},"16":{"name":"(anonymous_16)","line":345,"loc":{"start":{"line":345,"column":35},"end":{"line":345,"column":47}}}},"statementMap":{"1":{"start":{"line":9,"column":0},"end":{"line":11,"column":1}},"2":{"start":{"line":10,"column":2},"end":{"line":10,"column":15}},"3":{"start":{"line":19,"column":0},"end":{"line":39,"column":2}},"4":{"start":{"line":20,"column":2},"end":{"line":20,"column":38}},"5":{"start":{"line":21,"column":2},"end":{"line":21,"column":30}},"6":{"start":{"line":24,"column":2},"end":{"line":29,"column":3}},"7":{"start":{"line":25,"column":4},"end":{"line":25,"column":21}},"8":{"start":{"line":26,"column":4},"end":{"line":26,"column":34}},"9":{"start":{"line":27,"column":4},"end":{"line":27,"column":16}},"10":{"start":{"line":28,"column":4},"end":{"line":28,"column":16}},"11":{"start":{"line":32,"column":2},"end":{"line":34,"column":3}},"12":{"start":{"line":33,"column":4},"end":{"line":33,"column":35}},"13":{"start":{"line":35,"column":2},"end":{"line":35,"column":26}},"14":{"start":{"line":36,"column":2},"end":{"line":36,"column":19}},"15":{"start":{"line":37,"column":2},"end":{"line":37,"column":14}},"16":{"start":{"line":38,"column":2},"end":{"line":38,"column":14}},"17":{"start":{"line":48,"column":0},"end":{"line":58,"column":2}},"18":{"start":{"line":49,"column":2},"end":{"line":49,"column":12}},"19":{"start":{"line":50,"column":2},"end":{"line":50,"column":26}},"20":{"start":{"line":51,"column":2},"end":{"line":51,"column":22}},"21":{"start":{"line":53,"column":2},"end":{"line":55,"column":3}},"22":{"start":{"line":54,"column":4},"end":{"line":54,"column":37}},"23":{"start":{"line":57,"column":2},"end":{"line":57,"column":18}},"24":{"start":{"line":67,"column":0},"end":{"line":81,"column":2}},"25":{"start":{"line":68,"column":2},"end":{"line":68,"column":17}},"26":{"start":{"line":69,"column":2},"end":{"line":69,"column":30}},"27":{"start":{"line":71,"column":2},"end":{"line":73,"column":3}},"28":{"start":{"line":72,"column":4},"end":{"line":72,"column":51}},"29":{"start":{"line":75,"column":2},"end":{"line":78,"column":3}},"30":{"start":{"line":76,"column":4},"end":{"line":76,"column":35}},"31":{"start":{"line":77,"column":4},"end":{"line":77,"column":13}},"32":{"start":{"line":80,"column":2},"end":{"line":80,"column":21}},"33":{"start":{"line":89,"column":0},"end":{"line":131,"column":2}},"34":{"start":{"line":90,"column":2},"end":{"line":90,"column":16}},"35":{"start":{"line":91,"column":2},"end":{"line":91,"column":30}},"36":{"start":{"line":92,"column":2},"end":{"line":92,"column":32}},"37":{"start":{"line":93,"column":2},"end":{"line":93,"column":26}},"38":{"start":{"line":94,"column":2},"end":{"line":94,"column":25}},"39":{"start":{"line":97,"column":2},"end":{"line":99,"column":3}},"40":{"start":{"line":98,"column":4},"end":{"line":98,"column":51}},"41":{"start":{"line":102,"column":2},"end":{"line":109,"column":3}},"42":{"start":{"line":103,"column":4},"end":{"line":103,"column":33}},"43":{"start":{"line":104,"column":4},"end":{"line":104,"column":30}},"44":{"start":{"line":105,"column":4},"end":{"line":105,"column":23}},"45":{"start":{"line":106,"column":4},"end":{"line":106,"column":16}},"46":{"start":{"line":108,"column":4},"end":{"line":108,"column":23}},"47":{"start":{"line":112,"column":2},"end":{"line":123,"column":3}},"48":{"start":{"line":113,"column":4},"end":{"line":113,"column":37}},"49":{"start":{"line":114,"column":4},"end":{"line":114,"column":35}},"50":{"start":{"line":115,"column":4},"end":{"line":115,"column":31}},"51":{"start":{"line":118,"column":4},"end":{"line":120,"column":5}},"52":{"start":{"line":119,"column":6},"end":{"line":119,"column":37}},"53":{"start":{"line":122,"column":4},"end":{"line":122,"column":12}},"54":{"start":{"line":125,"column":2},"end":{"line":125,"column":46}},"55":{"start":{"line":126,"column":2},"end":{"line":126,"column":29}},"56":{"start":{"line":127,"column":2},"end":{"line":127,"column":22}},"57":{"start":{"line":128,"column":2},"end":{"line":128,"column":14}},"58":{"start":{"line":130,"column":2},"end":{"line":130,"column":21}},"59":{"start":{"line":140,"column":0},"end":{"line":151,"column":2}},"60":{"start":{"line":141,"column":2},"end":{"line":141,"column":16}},"61":{"start":{"line":142,"column":2},"end":{"line":142,"column":30}},"62":{"start":{"line":144,"column":2},"end":{"line":150,"column":3}},"63":{"start":{"line":145,"column":4},"end":{"line":147,"column":5}},"64":{"start":{"line":146,"column":6},"end":{"line":146,"column":32}},"65":{"start":{"line":148,"column":4},"end":{"line":148,"column":35}},"66":{"start":{"line":149,"column":4},"end":{"line":149,"column":12}},"67":{"start":{"line":160,"column":0},"end":{"line":174,"column":2}},"68":{"start":{"line":161,"column":2},"end":{"line":161,"column":16}},"69":{"start":{"line":162,"column":2},"end":{"line":162,"column":30}},"70":{"start":{"line":163,"column":2},"end":{"line":163,"column":23}},"71":{"start":{"line":165,"column":2},"end":{"line":171,"column":3}},"72":{"start":{"line":166,"column":4},"end":{"line":168,"column":5}},"73":{"start":{"line":167,"column":6},"end":{"line":167,"column":26}},"74":{"start":{"line":169,"column":4},"end":{"line":169,"column":35}},"75":{"start":{"line":170,"column":4},"end":{"line":170,"column":12}},"76":{"start":{"line":173,"column":2},"end":{"line":173,"column":35}},"77":{"start":{"line":183,"column":0},"end":{"line":212,"column":2}},"78":{"start":{"line":184,"column":2},"end":{"line":184,"column":16}},"79":{"start":{"line":185,"column":2},"end":{"line":185,"column":30}},"80":{"start":{"line":186,"column":2},"end":{"line":186,"column":31}},"81":{"start":{"line":187,"column":2},"end":{"line":187,"column":25}},"82":{"start":{"line":190,"column":2},"end":{"line":192,"column":3}},"83":{"start":{"line":191,"column":4},"end":{"line":191,"column":51}},"84":{"start":{"line":195,"column":2},"end":{"line":200,"column":3}},"85":{"start":{"line":196,"column":4},"end":{"line":196,"column":21}},"86":{"start":{"line":197,"column":4},"end":{"line":197,"column":36}},"87":{"start":{"line":198,"column":4},"end":{"line":198,"column":35}},"88":{"start":{"line":199,"column":4},"end":{"line":199,"column":11}},"89":{"start":{"line":203,"column":2},"end":{"line":207,"column":3}},"90":{"start":{"line":204,"column":4},"end":{"line":204,"column":36}},"91":{"start":{"line":205,"column":4},"end":{"line":205,"column":35}},"92":{"start":{"line":206,"column":4},"end":{"line":206,"column":12}},"93":{"start":{"line":209,"column":2},"end":{"line":209,"column":34}},"94":{"start":{"line":210,"column":2},"end":{"line":210,"column":39}},"95":{"start":{"line":211,"column":2},"end":{"line":211,"column":33}},"96":{"start":{"line":222,"column":0},"end":{"line":259,"column":2}},"97":{"start":{"line":223,"column":2},"end":{"line":223,"column":16}},"98":{"start":{"line":224,"column":2},"end":{"line":224,"column":30}},"99":{"start":{"line":225,"column":2},"end":{"line":225,"column":31}},"100":{"start":{"line":226,"column":2},"end":{"line":226,"column":25}},"101":{"start":{"line":227,"column":2},"end":{"line":227,"column":12}},"102":{"start":{"line":228,"column":2},"end":{"line":228,"column":28}},"103":{"start":{"line":231,"column":2},"end":{"line":233,"column":3}},"104":{"start":{"line":232,"column":4},"end":{"line":232,"column":51}},"105":{"start":{"line":236,"column":2},"end":{"line":243,"column":3}},"106":{"start":{"line":237,"column":4},"end":{"line":237,"column":21}},"107":{"start":{"line":238,"column":4},"end":{"line":240,"column":5}},"108":{"start":{"line":239,"column":6},"end":{"line":239,"column":42}},"109":{"start":{"line":241,"column":4},"end":{"line":241,"column":35}},"110":{"start":{"line":242,"column":4},"end":{"line":242,"column":11}},"111":{"start":{"line":246,"column":2},"end":{"line":250,"column":3}},"112":{"start":{"line":247,"column":4},"end":{"line":247,"column":36}},"113":{"start":{"line":248,"column":4},"end":{"line":248,"column":35}},"114":{"start":{"line":249,"column":4},"end":{"line":249,"column":12}},"115":{"start":{"line":252,"column":2},"end":{"line":257,"column":3}},"116":{"start":{"line":253,"column":4},"end":{"line":253,"column":40}},"117":{"start":{"line":254,"column":4},"end":{"line":256,"column":5}},"118":{"start":{"line":255,"column":6},"end":{"line":255,"column":43}},"119":{"start":{"line":258,"column":2},"end":{"line":258,"column":33}},"120":{"start":{"line":267,"column":0},"end":{"line":280,"column":2}},"121":{"start":{"line":268,"column":2},"end":{"line":268,"column":16}},"122":{"start":{"line":269,"column":2},"end":{"line":269,"column":30}},"123":{"start":{"line":271,"column":2},"end":{"line":277,"column":3}},"124":{"start":{"line":272,"column":4},"end":{"line":274,"column":5}},"125":{"start":{"line":273,"column":6},"end":{"line":273,"column":18}},"126":{"start":{"line":275,"column":4},"end":{"line":275,"column":35}},"127":{"start":{"line":276,"column":4},"end":{"line":276,"column":12}},"128":{"start":{"line":279,"column":2},"end":{"line":279,"column":15}},"129":{"start":{"line":287,"column":0},"end":{"line":289,"column":2}},"130":{"start":{"line":288,"column":2},"end":{"line":288,"column":24}},"131":{"start":{"line":296,"column":0},"end":{"line":298,"column":2}},"132":{"start":{"line":297,"column":2},"end":{"line":297,"column":32}},"133":{"start":{"line":307,"column":0},"end":{"line":309,"column":2}},"134":{"start":{"line":308,"column":2},"end":{"line":308,"column":33}},"135":{"start":{"line":316,"column":0},"end":{"line":318,"column":2}},"136":{"start":{"line":317,"column":2},"end":{"line":317,"column":33}},"137":{"start":{"line":326,"column":0},"end":{"line":338,"column":2}},"138":{"start":{"line":327,"column":2},"end":{"line":327,"column":29}},"139":{"start":{"line":328,"column":2},"end":{"line":328,"column":16}},"140":{"start":{"line":329,"column":2},"end":{"line":329,"column":15}},"141":{"start":{"line":331,"column":2},"end":{"line":335,"column":3}},"142":{"start":{"line":332,"column":4},"end":{"line":332,"column":31}},"143":{"start":{"line":333,"column":4},"end":{"line":333,"column":35}},"144":{"start":{"line":334,"column":4},"end":{"line":334,"column":12}},"145":{"start":{"line":337,"column":2},"end":{"line":337,"column":13}},"146":{"start":{"line":345,"column":0},"end":{"line":349,"column":2}},"147":{"start":{"line":346,"column":2},"end":{"line":346,"column":19}},"148":{"start":{"line":347,"column":2},"end":{"line":347,"column":19}},"149":{"start":{"line":348,"column":2},"end":{"line":348,"column":16}},"150":{"start":{"line":351,"column":0},"end":{"line":351,"column":34}}},"branchMap":{"1":{"line":24,"type":"if","locations":[{"start":{"line":24,"column":2},"end":{"line":24,"column":2}},{"start":{"line":24,"column":2},"end":{"line":24,"column":2}}]},"2":{"line":26,"type":"binary-expr","locations":[{"start":{"line":26,"column":16},"end":{"line":26,"column":25}},{"start":{"line":26,"column":29},"end":{"line":26,"column":33}}]},"3":{"line":71,"type":"if","locations":[{"start":{"line":71,"column":2},"end":{"line":71,"column":2}},{"start":{"line":71,"column":2},"end":{"line":71,"column":2}}]},"4":{"line":71,"type":"binary-expr","locations":[{"start":{"line":71,"column":6},"end":{"line":71,"column":21}},{"start":{"line":71,"column":25},"end":{"line":71,"column":34}},{"start":{"line":71,"column":38},"end":{"line":71,"column":55}}]},"5":{"line":97,"type":"if","locations":[{"start":{"line":97,"column":2},"end":{"line":97,"column":2}},{"start":{"line":97,"column":2},"end":{"line":97,"column":2}}]},"6":{"line":97,"type":"binary-expr","locations":[{"start":{"line":97,"column":6},"end":{"line":97,"column":21}},{"start":{"line":97,"column":25},"end":{"line":97,"column":34}},{"start":{"line":97,"column":38},"end":{"line":97,"column":55}}]},"7":{"line":102,"type":"if","locations":[{"start":{"line":102,"column":2},"end":{"line":102,"column":2}},{"start":{"line":102,"column":2},"end":{"line":102,"column":2}}]},"8":{"line":118,"type":"if","locations":[{"start":{"line":118,"column":4},"end":{"line":118,"column":4}},{"start":{"line":118,"column":4},"end":{"line":118,"column":4}}]},"9":{"line":145,"type":"if","locations":[{"start":{"line":145,"column":4},"end":{"line":145,"column":4}},{"start":{"line":145,"column":4},"end":{"line":145,"column":4}}]},"10":{"line":166,"type":"if","locations":[{"start":{"line":166,"column":4},"end":{"line":166,"column":4}},{"start":{"line":166,"column":4},"end":{"line":166,"column":4}}]},"11":{"line":190,"type":"if","locations":[{"start":{"line":190,"column":2},"end":{"line":190,"column":2}},{"start":{"line":190,"column":2},"end":{"line":190,"column":2}}]},"12":{"line":190,"type":"binary-expr","locations":[{"start":{"line":190,"column":6},"end":{"line":190,"column":21}},{"start":{"line":190,"column":25},"end":{"line":190,"column":34}},{"start":{"line":190,"column":38},"end":{"line":190,"column":55}}]},"13":{"line":195,"type":"if","locations":[{"start":{"line":195,"column":2},"end":{"line":195,"column":2}},{"start":{"line":195,"column":2},"end":{"line":195,"column":2}}]},"14":{"line":231,"type":"if","locations":[{"start":{"line":231,"column":2},"end":{"line":231,"column":2}},{"start":{"line":231,"column":2},"end":{"line":231,"column":2}}]},"15":{"line":231,"type":"binary-expr","locations":[{"start":{"line":231,"column":6},"end":{"line":231,"column":21}},{"start":{"line":231,"column":25},"end":{"line":231,"column":34}},{"start":{"line":231,"column":38},"end":{"line":231,"column":55}}]},"16":{"line":236,"type":"if","locations":[{"start":{"line":236,"column":2},"end":{"line":236,"column":2}},{"start":{"line":236,"column":2},"end":{"line":236,"column":2}}]},"17":{"line":254,"type":"if","locations":[{"start":{"line":254,"column":4},"end":{"line":254,"column":4}},{"start":{"line":254,"column":4},"end":{"line":254,"column":4}}]},"18":{"line":272,"type":"if","locations":[{"start":{"line":272,"column":4},"end":{"line":272,"column":4}},{"start":{"line":272,"column":4},"end":{"line":272,"column":4}}]}}}}