TN:
SF:/Users/davy.braun/Code/Libraries/struqt/doubly-linked-list.js
FN:9,DoublyLinkedList
FN:19,(anonymous_2)
FN:51,(anonymous_3)
FN:70,(anonymous_4)
FN:92,(anonymous_5)
FN:149,(anonymous_6)
FN:169,(anonymous_7)
FN:192,(anonymous_8)
FN:232,(anonymous_9)
FN:277,(anonymous_10)
FN:297,(anonymous_11)
FN:306,(anonymous_12)
FN:317,(anonymous_13)
FN:326,(anonymous_14)
FN:336,(anonymous_15)
FN:355,(anonymous_16)
FNF:16
FNH:16
FNDA:15,DoublyLinkedList
FNDA:62,(anonymous_2)
FNDA:12,(anonymous_3)
FNDA:78,(anonymous_4)
FNDA:7,(anonymous_5)
FNDA:1,(anonymous_6)
FNDA:1,(anonymous_7)
FNDA:3,(anonymous_8)
FNDA:2,(anonymous_9)
FNDA:3,(anonymous_10)
FNDA:1,(anonymous_11)
FNDA:1,(anonymous_12)
FNDA:3,(anonymous_13)
FNDA:1,(anonymous_14)
FNDA:1,(anonymous_15)
FNDA:16,(anonymous_16)
DA:9,1
DA:10,15
DA:19,1
DA:20,62
DA:21,62
DA:22,62
DA:25,62
DA:26,16
DA:27,16
DA:28,16
DA:29,16
DA:33,46
DA:34,63
DA:35,63
DA:37,46
DA:38,46
DA:39,46
DA:40,46
DA:41,46
DA:51,1
DA:52,12
DA:53,12
DA:54,12
DA:56,12
DA:57,53
DA:60,12
DA:70,1
DA:71,78
DA:72,78
DA:74,78
DA:75,1
DA:78,77
DA:79,132
DA:80,132
DA:83,77
DA:92,1
DA:93,7
DA:94,7
DA:95,7
DA:96,7
DA:97,7
DA:98,7
DA:101,7
DA:102,1
DA:106,6
DA:107,2
DA:108,2
DA:109,2
DA:110,2
DA:111,2
DA:113,2
DA:117,4
DA:118,10
DA:119,10
DA:120,10
DA:121,10
DA:124,10
DA:125,3
DA:128,10
DA:131,4
DA:132,4
DA:133,1
DA:135,4
DA:136,4
DA:137,4
DA:139,4
DA:149,1
DA:150,1
DA:151,1
DA:153,1
DA:154,1
DA:155,1
DA:157,0
DA:158,0
DA:169,1
DA:170,1
DA:171,1
DA:172,1
DA:174,1
DA:175,4
DA:176,2
DA:178,4
DA:179,4
DA:182,1
DA:192,1
DA:193,3
DA:194,3
DA:195,3
DA:196,3
DA:199,3
DA:200,1
DA:204,2
DA:205,1
DA:206,1
DA:207,1
DA:208,1
DA:212,1
DA:213,3
DA:214,3
DA:215,3
DA:218,1
DA:219,1
DA:220,1
DA:221,1
DA:232,1
DA:233,2
DA:234,2
DA:235,2
DA:236,2
DA:237,2
DA:238,2
DA:241,2
DA:242,1
DA:246,1
DA:247,0
DA:248,0
DA:249,0
DA:251,0
DA:252,0
DA:256,1
DA:257,1
DA:258,1
DA:259,1
DA:262,1
DA:263,3
DA:264,3
DA:265,1
DA:268,1
DA:277,1
DA:278,3
DA:279,3
DA:281,3
DA:282,7
DA:283,2
DA:285,5
DA:286,5
DA:289,1
DA:297,1
DA:298,1
DA:306,1
DA:307,1
DA:317,1
DA:318,3
DA:326,1
DA:327,1
DA:336,1
DA:337,1
DA:338,1
DA:339,1
DA:341,1
DA:342,5
DA:343,5
DA:344,5
DA:347,1
DA:355,1
DA:356,16
DA:357,16
DA:358,16
DA:361,1
LF:159
LH:152
BRDA:25,1,0,16
BRDA:25,1,1,46
BRDA:27,2,0,16
BRDA:27,2,1,16
BRDA:74,3,0,1
BRDA:74,3,1,77
BRDA:74,4,0,78
BRDA:74,4,1,78
BRDA:74,4,2,78
BRDA:101,5,0,1
BRDA:101,5,1,6
BRDA:101,6,0,7
BRDA:101,6,1,7
BRDA:101,6,2,7
BRDA:106,7,0,2
BRDA:106,7,1,4
BRDA:124,8,0,3
BRDA:124,8,1,7
BRDA:132,9,0,1
BRDA:132,9,1,3
BRDA:154,10,0,1
BRDA:154,10,1,0
BRDA:175,11,0,2
BRDA:175,11,1,2
BRDA:199,12,0,1
BRDA:199,12,1,2
BRDA:199,13,0,3
BRDA:199,13,1,3
BRDA:199,13,2,3
BRDA:204,14,0,1
BRDA:204,14,1,1
BRDA:241,15,0,1
BRDA:241,15,1,1
BRDA:241,16,0,2
BRDA:241,16,1,2
BRDA:241,16,2,2
BRDA:246,17,0,0
BRDA:246,17,1,1
BRDA:264,18,0,1
BRDA:264,18,1,2
BRDA:282,19,0,2
BRDA:282,19,1,5
BRF:42
BRH:40
end_of_record
TN:
SF:/Users/davy.braun/Code/Libraries/struqt/singly-linked-list.js
FN:9,SinglyLinkedList
FN:19,(anonymous_2)
FN:48,(anonymous_3)
FN:67,(anonymous_4)
FN:89,(anonymous_5)
FN:140,(anonymous_6)
FN:160,(anonymous_7)
FN:183,(anonymous_8)
FN:222,(anonymous_9)
FN:267,(anonymous_10)
FN:287,(anonymous_11)
FN:296,(anonymous_12)
FN:307,(anonymous_13)
FN:316,(anonymous_14)
FN:326,(anonymous_15)
FN:345,(anonymous_16)
FNF:16
FNH:16
FNDA:15,SinglyLinkedList
FNDA:62,(anonymous_2)
FNDA:12,(anonymous_3)
FNDA:46,(anonymous_4)
FNDA:7,(anonymous_5)
FNDA:1,(anonymous_6)
FNDA:1,(anonymous_7)
FNDA:3,(anonymous_8)
FNDA:2,(anonymous_9)
FNDA:3,(anonymous_10)
FNDA:1,(anonymous_11)
FNDA:1,(anonymous_12)
FNDA:3,(anonymous_13)
FNDA:1,(anonymous_14)
FNDA:1,(anonymous_15)
FNDA:16,(anonymous_16)
DA:9,1
DA:10,15
DA:19,1
DA:20,62
DA:21,62
DA:24,62
DA:25,16
DA:26,16
DA:27,16
DA:28,16
DA:32,46
DA:33,63
DA:35,46
DA:36,46
DA:37,46
DA:38,46
DA:48,1
DA:49,12
DA:50,12
DA:51,12
DA:53,12
DA:54,53
DA:57,12
DA:67,1
DA:68,46
DA:69,46
DA:71,46
DA:72,1
DA:75,45
DA:76,92
DA:77,92
DA:80,45
DA:89,1
DA:90,7
DA:91,7
DA:92,7
DA:93,7
DA:94,7
DA:97,7
DA:98,1
DA:102,6
DA:103,2
DA:104,2
DA:105,2
DA:106,2
DA:108,2
DA:112,4
DA:113,10
DA:114,10
DA:115,10
DA:118,10
DA:119,3
DA:122,10
DA:125,4
DA:126,4
DA:127,4
DA:128,4
DA:130,4
DA:140,1
DA:141,1
DA:142,1
DA:144,1
DA:145,1
DA:146,1
DA:148,0
DA:149,0
DA:160,1
DA:161,1
DA:162,1
DA:163,1
DA:165,1
DA:166,4
DA:167,2
DA:169,4
DA:170,4
DA:173,1
DA:183,1
DA:184,3
DA:185,3
DA:186,3
DA:187,3
DA:190,3
DA:191,1
DA:195,2
DA:196,1
DA:197,1
DA:198,1
DA:199,1
DA:203,1
DA:204,3
DA:205,3
DA:206,3
DA:209,1
DA:210,1
DA:211,1
DA:222,1
DA:223,2
DA:224,2
DA:225,2
DA:226,2
DA:227,2
DA:228,2
DA:231,2
DA:232,1
DA:236,1
DA:237,0
DA:238,0
DA:239,0
DA:241,0
DA:242,0
DA:246,1
DA:247,1
DA:248,1
DA:249,1
DA:252,1
DA:253,3
DA:254,3
DA:255,1
DA:258,1
DA:267,1
DA:268,3
DA:269,3
DA:271,3
DA:272,7
DA:273,2
DA:275,5
DA:276,5
DA:279,1
DA:287,1
DA:288,1
DA:296,1
DA:297,1
DA:307,1
DA:308,3
DA:316,1
DA:317,1
DA:326,1
DA:327,1
DA:328,1
DA:329,1
DA:331,1
DA:332,5
DA:333,5
DA:334,5
DA:337,1
DA:345,1
DA:346,16
DA:347,16
DA:348,16
DA:351,1
LF:150
LH:143
BRDA:24,1,0,16
BRDA:24,1,1,46
BRDA:26,2,0,16
BRDA:26,2,1,15
BRDA:71,3,0,1
BRDA:71,3,1,45
BRDA:71,4,0,46
BRDA:71,4,1,46
BRDA:71,4,2,46
BRDA:97,5,0,1
BRDA:97,5,1,6
BRDA:97,6,0,7
BRDA:97,6,1,7
BRDA:97,6,2,7
BRDA:102,7,0,2
BRDA:102,7,1,4
BRDA:118,8,0,3
BRDA:118,8,1,7
BRDA:145,9,0,1
BRDA:145,9,1,0
BRDA:166,10,0,2
BRDA:166,10,1,2
BRDA:190,11,0,1
BRDA:190,11,1,2
BRDA:190,12,0,3
BRDA:190,12,1,3
BRDA:190,12,2,3
BRDA:195,13,0,1
BRDA:195,13,1,1
BRDA:231,14,0,1
BRDA:231,14,1,1
BRDA:231,15,0,2
BRDA:231,15,1,2
BRDA:231,15,2,2
BRDA:236,16,0,0
BRDA:236,16,1,1
BRDA:254,17,0,1
BRDA:254,17,1,2
BRDA:272,18,0,2
BRDA:272,18,1,5
BRF:40
BRH:38
end_of_record
